<?xml version="1.0" encoding="UTF-8"?>
<!-- Generated by org.testng.reporters.JUnitReportReporter -->
<testsuite skipped="1" hostname="ucreate8-All-Series" name="Tests.testLogin" tests="1" failures="0" timestamp="02 Jan 2019 05:19:56 GMT" time="0.000" errors="0">
  <testcase name="testloginWithoutEmailAndPassword" time="0.000" classname="Tests.testLogin">
    <skipped/>
  </testcase> <!-- testloginWithoutEmailAndPassword -->
</testsuite> <!-- Tests.testLogin -->
